<?xml version="1.0" encoding="UTF-8"?>
<!-- Generated by org.testng.reporters.JUnitXMLReporter -->
<testsuite hostname="kkapil-osx-1" ignored="2" name="test1" tests="3" failures="0" timestamp="20 Dec 2016 09:40:50 GMT" time="2.962" errors="0">
  <testcase name="verifySuccessfullLogin" time="1.524" classname="main.tests.VerifyPostLoginCredentials"/>
  <testcase name="verifyPageNumber" time="0.46" classname="main.tests.VerifyGetUsersPage"/>
  <testcase name="verifyPerPageResults" time="0.96" classname="main.tests.VerifyGetUsersPage"/>
  <testcase name="verifyEmptyLogin" time="0.0" classname="main.tests.VerifyPostLoginCredentials">
    <ignored/>
  </testcase> <!-- verifyEmptyLogin -->
  <testcase name="verifyInvalidLogin" time="0.0" classname="main.tests.VerifyPostLoginCredentials">
    <ignored/>
  </testcase> <!-- verifyInvalidLogin -->
</testsuite> <!-- test1 -->
