<?xml version="1.0" encoding="UTF-8"?>
<testng-results skipped="0" failed="0" ignored="2" total="5" passed="3">
  <reporter-output>
  </reporter-output>
  <suite name="Suite1" duration-ms="2594" started-at="2016-12-20T09:43:34Z" finished-at="2016-12-20T09:43:37Z">
    <groups>
      <group name="searchTests">
        <method signature="VerifyGetUsersPage.verifyPageNumber()[pri:0, instance:main.tests.VerifyGetUsersPage@4ec6a292]" name="verifyPageNumber" class="main.tests.VerifyGetUsersPage"/>
        <method signature="VerifyGetUsersPage.verifyPerPageResults()[pri:0, instance:main.tests.VerifyGetUsersPage@4ec6a292]" name="verifyPerPageResults" class="main.tests.VerifyGetUsersPage"/>
      </group> <!-- searchTests -->
      <group name="happyPathTests">
        <method signature="VerifyGetUsersPage.verifyPageNumber()[pri:0, instance:main.tests.VerifyGetUsersPage@4ec6a292]" name="verifyPageNumber" class="main.tests.VerifyGetUsersPage"/>
        <method signature="VerifyGetUsersPage.verifyPerPageResults()[pri:0, instance:main.tests.VerifyGetUsersPage@4ec6a292]" name="verifyPerPageResults" class="main.tests.VerifyGetUsersPage"/>
        <method signature="VerifyPostLoginCredentials.verifySuccessfullLogin()[pri:0, instance:main.tests.VerifyPostLoginCredentials@d7b1517]" name="verifySuccessfullLogin" class="main.tests.VerifyPostLoginCredentials"/>
      </group> <!-- happyPathTests -->
      <group name="loginTests">
        <method signature="VerifyPostLoginCredentials.verifySuccessfullLogin()[pri:0, instance:main.tests.VerifyPostLoginCredentials@d7b1517]" name="verifySuccessfullLogin" class="main.tests.VerifyPostLoginCredentials"/>
      </group> <!-- loginTests -->
    </groups>
    <test name="test1" duration-ms="2594" started-at="2016-12-20T09:43:34Z" finished-at="2016-12-20T09:43:37Z">
      <class name="main.tests.VerifyPostLoginCredentials">
        <test-method status="PASS" signature="verifySuccessfullLogin()[pri:0, instance:main.tests.VerifyPostLoginCredentials@d7b1517]" name="verifySuccessfullLogin" duration-ms="1030" started-at="2016-12-20T15:13:34Z" finished-at="2016-12-20T15:13:35Z">
          <reporter-output>
          </reporter-output>
        </test-method> <!-- verifySuccessfullLogin -->
      </class> <!-- main.tests.VerifyPostLoginCredentials -->
      <class name="main.tests.VerifyGetUsersPage">
        <test-method status="PASS" signature="verifyPageNumber()[pri:0, instance:main.tests.VerifyGetUsersPage@4ec6a292]" name="verifyPageNumber" duration-ms="747" started-at="2016-12-20T15:13:35Z" finished-at="2016-12-20T15:13:36Z">
          <reporter-output>
          </reporter-output>
        </test-method> <!-- verifyPageNumber -->
        <test-method status="PASS" signature="verifyPerPageResults()[pri:0, instance:main.tests.VerifyGetUsersPage@4ec6a292]" name="verifyPerPageResults" duration-ms="801" started-at="2016-12-20T15:13:36Z" finished-at="2016-12-20T15:13:37Z">
          <reporter-output>
          </reporter-output>
        </test-method> <!-- verifyPerPageResults -->
      </class> <!-- main.tests.VerifyGetUsersPage -->
    </test> <!-- test1 -->
  </suite> <!-- Suite1 -->
</testng-results>
