<?xml version="1.0" encoding="UTF-8"?>
<testng-results skipped="0" failed="0" ignored="2" total="5" passed="3">
  <reporter-output>
  </reporter-output>
  <suite name="Suite1" duration-ms="2962" started-at="2016-12-20T09:40:47Z" finished-at="2016-12-20T09:40:50Z">
    <groups>
      <group name="searchTests">
        <method signature="VerifyGetUsersPage.verifyPageNumber()[pri:0, instance:main.tests.VerifyGetUsersPage@6a024a67]" name="verifyPageNumber" class="main.tests.VerifyGetUsersPage"/>
        <method signature="VerifyGetUsersPage.verifyPerPageResults()[pri:0, instance:main.tests.VerifyGetUsersPage@6a024a67]" name="verifyPerPageResults" class="main.tests.VerifyGetUsersPage"/>
      </group> <!-- searchTests -->
      <group name="happyPathTests">
        <method signature="VerifyGetUsersPage.verifyPageNumber()[pri:0, instance:main.tests.VerifyGetUsersPage@6a024a67]" name="verifyPageNumber" class="main.tests.VerifyGetUsersPage"/>
        <method signature="VerifyGetUsersPage.verifyPerPageResults()[pri:0, instance:main.tests.VerifyGetUsersPage@6a024a67]" name="verifyPerPageResults" class="main.tests.VerifyGetUsersPage"/>
        <method signature="VerifyPostLoginCredentials.verifySuccessfullLogin()[pri:0, instance:main.tests.VerifyPostLoginCredentials@458ad742]" name="verifySuccessfullLogin" class="main.tests.VerifyPostLoginCredentials"/>
      </group> <!-- happyPathTests -->
      <group name="loginTests">
        <method signature="VerifyPostLoginCredentials.verifySuccessfullLogin()[pri:0, instance:main.tests.VerifyPostLoginCredentials@458ad742]" name="verifySuccessfullLogin" class="main.tests.VerifyPostLoginCredentials"/>
      </group> <!-- loginTests -->
    </groups>
    <test name="test1" duration-ms="2962" started-at="2016-12-20T09:40:47Z" finished-at="2016-12-20T09:40:50Z">
      <class name="main.tests.VerifyPostLoginCredentials">
        <test-method status="PASS" signature="verifySuccessfullLogin()[pri:0, instance:main.tests.VerifyPostLoginCredentials@458ad742]" name="verifySuccessfullLogin" duration-ms="1524" started-at="2016-12-20T15:10:47Z" finished-at="2016-12-20T15:10:49Z">
          <reporter-output>
          </reporter-output>
        </test-method> <!-- verifySuccessfullLogin -->
      </class> <!-- main.tests.VerifyPostLoginCredentials -->
      <class name="main.tests.VerifyGetUsersPage">
        <test-method status="PASS" signature="verifyPageNumber()[pri:0, instance:main.tests.VerifyGetUsersPage@6a024a67]" name="verifyPageNumber" duration-ms="460" started-at="2016-12-20T15:10:49Z" finished-at="2016-12-20T15:10:49Z">
          <reporter-output>
          </reporter-output>
        </test-method> <!-- verifyPageNumber -->
        <test-method status="PASS" signature="verifyPerPageResults()[pri:0, instance:main.tests.VerifyGetUsersPage@6a024a67]" name="verifyPerPageResults" duration-ms="960" started-at="2016-12-20T15:10:49Z" finished-at="2016-12-20T15:10:50Z">
          <reporter-output>
          </reporter-output>
        </test-method> <!-- verifyPerPageResults -->
      </class> <!-- main.tests.VerifyGetUsersPage -->
    </test> <!-- test1 -->
  </suite> <!-- Suite1 -->
</testng-results>
